<?xml version="1.0" encoding="UTF-8"?>
<!-- Generated by org.testng.reporters.JUnitReportReporter -->
<testsuite name="qsp.DemoA" tests="1" time="14.988" ignored="0" failures="0" timestamp="03 Feb 2018 10:25:38 GMT" skipped="0" hostname="CBT-LAB-026" errors="0">
  <testcase name="f" time="14.988" classname="qsp.DemoA"/>
</testsuite> <!-- qsp.DemoA -->
